2016-06-30 12:33:52 Notice: Notice (8): Use of undefined constant WEBSITE_FRONT_CSS - assumed 'WEBSITE_FRONT_CSS' in [/home/manoj/public_html/pos/app/View/Homes/index.ctp, line 7]
Trace:
include - APP/View/Homes/index.ctp, line 7
View::_evaluate() - CORE/Cake/View/View.php, line 935
View::_render() - CORE/Cake/View/View.php, line 897
View::render() - CORE/Cake/View/View.php, line 466
Controller::render() - CORE/Cake/Controller/Controller.php, line 952
Dispatcher::_invoke() - CORE/Cake/Routing/Dispatcher.php, line 192
Dispatcher::dispatch() - CORE/Cake/Routing/Dispatcher.php, line 160
[main] - APP/webroot/index.php, line 108

2016-06-30 12:33:52 Notice: Notice (8): Use of undefined constant WEBSITE_FRONT_CSS - assumed 'WEBSITE_FRONT_CSS' in [/home/manoj/public_html/pos/app/View/Homes/index.ctp, line 8]
Trace:
include - APP/View/Homes/index.ctp, line 8
View::_evaluate() - CORE/Cake/View/View.php, line 935
View::_render() - CORE/Cake/View/View.php, line 897
View::render() - CORE/Cake/View/View.php, line 466
Controller::render() - CORE/Cake/Controller/Controller.php, line 952
Dispatcher::_invoke() - CORE/Cake/Routing/Dispatcher.php, line 192
Dispatcher::dispatch() - CORE/Cake/Routing/Dispatcher.php, line 160
[main] - APP/webroot/index.php, line 108

2016-06-30 12:33:52 Notice: Notice (8): Use of undefined constant WEBSITE_FRONT_CSS - assumed 'WEBSITE_FRONT_CSS' in [/home/manoj/public_html/pos/app/View/Homes/index.ctp, line 9]
Trace:
include - APP/View/Homes/index.ctp, line 9
View::_evaluate() - CORE/Cake/View/View.php, line 935
View::_render() - CORE/Cake/View/View.php, line 897
View::render() - CORE/Cake/View/View.php, line 466
Controller::render() - CORE/Cake/Controller/Controller.php, line 952
Dispatcher::_invoke() - CORE/Cake/Routing/Dispatcher.php, line 192
Dispatcher::dispatch() - CORE/Cake/Routing/Dispatcher.php, line 160
[main] - APP/webroot/index.php, line 108

2016-06-30 12:33:52 Notice: Notice (8): Use of undefined constant WEBSITE_FRONT_CSS - assumed 'WEBSITE_FRONT_CSS' in [/home/manoj/public_html/pos/app/View/Homes/index.ctp, line 10]
Trace:
include - APP/View/Homes/index.ctp, line 10
View::_evaluate() - CORE/Cake/View/View.php, line 935
View::_render() - CORE/Cake/View/View.php, line 897
View::render() - CORE/Cake/View/View.php, line 466
Controller::render() - CORE/Cake/Controller/Controller.php, line 952
Dispatcher::_invoke() - CORE/Cake/Routing/Dispatcher.php, line 192
Dispatcher::dispatch() - CORE/Cake/Routing/Dispatcher.php, line 160
[main] - APP/webroot/index.php, line 108

2016-06-30 12:33:52 Notice: Notice (8): Use of undefined constant WEBSITE_FRONT_IMAGE - assumed 'WEBSITE_FRONT_IMAGE' in [/home/manoj/public_html/pos/app/View/Homes/index.ctp, line 18]
Trace:
include - APP/View/Homes/index.ctp, line 18
View::_evaluate() - CORE/Cake/View/View.php, line 935
View::_render() - CORE/Cake/View/View.php, line 897
View::render() - CORE/Cake/View/View.php, line 466
Controller::render() - CORE/Cake/Controller/Controller.php, line 952
Dispatcher::_invoke() - CORE/Cake/Routing/Dispatcher.php, line 192
Dispatcher::dispatch() - CORE/Cake/Routing/Dispatcher.php, line 160
[main] - APP/webroot/index.php, line 108

2016-06-30 12:33:52 Notice: Notice (8): Use of undefined constant WEBSITE_FRONT_JS - assumed 'WEBSITE_FRONT_JS' in [/home/manoj/public_html/pos/app/View/Homes/index.ctp, line 34]
Trace:
include - APP/View/Homes/index.ctp, line 34
View::_evaluate() - CORE/Cake/View/View.php, line 935
View::_render() - CORE/Cake/View/View.php, line 897
View::render() - CORE/Cake/View/View.php, line 466
Controller::render() - CORE/Cake/Controller/Controller.php, line 952
Dispatcher::_invoke() - CORE/Cake/Routing/Dispatcher.php, line 192
Dispatcher::dispatch() - CORE/Cake/Routing/Dispatcher.php, line 160
[main] - APP/webroot/index.php, line 108

2016-06-30 12:33:52 Notice: Notice (8): Use of undefined constant WEBSITE_FRONT_JS - assumed 'WEBSITE_FRONT_JS' in [/home/manoj/public_html/pos/app/View/Homes/index.ctp, line 35]
Trace:
include - APP/View/Homes/index.ctp, line 35
View::_evaluate() - CORE/Cake/View/View.php, line 935
View::_render() - CORE/Cake/View/View.php, line 897
View::render() - CORE/Cake/View/View.php, line 466
Controller::render() - CORE/Cake/Controller/Controller.php, line 952
Dispatcher::_invoke() - CORE/Cake/Routing/Dispatcher.php, line 192
Dispatcher::dispatch() - CORE/Cake/Routing/Dispatcher.php, line 160
[main] - APP/webroot/index.php, line 108

2016-06-30 12:41:44 Notice: Notice (8): Use of undefined constant COUSINE_UPLOAD_PATH - assumed 'COUSINE_UPLOAD_PATH' in [/home/manoj/public_html/pos/app/Controller/CousinesController.php, line 167]
Trace:
CousinesController::admin_add_edit() - APP/Controller/CousinesController.php, line 167
ReflectionMethod::invokeArgs() - [internal], line ??
Controller::invokeAction() - CORE/Cake/Controller/Controller.php, line 490
Dispatcher::_invoke() - CORE/Cake/Routing/Dispatcher.php, line 185
Dispatcher::dispatch() - CORE/Cake/Routing/Dispatcher.php, line 160
[main] - APP/webroot/index.php, line 108

2016-06-30 12:41:44 Notice: Notice (8): Array to string conversion in [/home/manoj/public_html/pos/lib/Cake/Model/Datasource/DboSource.php, line 1001]
Trace:
implode - [internal], line ??
DboSource::create() - CORE/Cake/Model/Datasource/DboSource.php, line 1001
Model::save() - CORE/Cake/Model/Model.php, line 1832
CousinesController::admin_add_edit() - APP/Controller/CousinesController.php, line 177
ReflectionMethod::invokeArgs() - [internal], line ??
Controller::invokeAction() - CORE/Cake/Controller/Controller.php, line 490
Dispatcher::_invoke() - CORE/Cake/Routing/Dispatcher.php, line 185
Dispatcher::dispatch() - CORE/Cake/Routing/Dispatcher.php, line 160
[main] - APP/webroot/index.php, line 108

2016-07-13 10:42:54 Notice: Notice (8): Undefined index: display in [/home/manoj/public_html/pos/manager/Controller/OrdersController.php, line 119]
Trace:
OrdersController::admin_reorder() - APP/Controller/OrdersController.php, line 119
ReflectionMethod::invokeArgs() - [internal], line ??
Controller::invokeAction() - CORE/Cake/Controller/Controller.php, line 490
Dispatcher::_invoke() - CORE/Cake/Routing/Dispatcher.php, line 185
Dispatcher::dispatch() - CORE/Cake/Routing/Dispatcher.php, line 160
[main] - APP/webroot/index.php, line 108

2016-07-13 10:42:54 Notice: Notice (8): Undefined index: display in [/home/manoj/public_html/pos/manager/Controller/OrdersController.php, line 119]
Trace:
OrdersController::admin_reorder() - APP/Controller/OrdersController.php, line 119
ReflectionMethod::invokeArgs() - [internal], line ??
Controller::invokeAction() - CORE/Cake/Controller/Controller.php, line 490
Dispatcher::_invoke() - CORE/Cake/Routing/Dispatcher.php, line 185
Dispatcher::dispatch() - CORE/Cake/Routing/Dispatcher.php, line 160
[main] - APP/webroot/index.php, line 108

2016-07-13 10:42:54 Notice: Notice (8): Undefined index: display in [/home/manoj/public_html/pos/manager/Controller/OrdersController.php, line 119]
Trace:
OrdersController::admin_reorder() - APP/Controller/OrdersController.php, line 119
ReflectionMethod::invokeArgs() - [internal], line ??
Controller::invokeAction() - CORE/Cake/Controller/Controller.php, line 490
Dispatcher::_invoke() - CORE/Cake/Routing/Dispatcher.php, line 185
Dispatcher::dispatch() - CORE/Cake/Routing/Dispatcher.php, line 160
[main] - APP/webroot/index.php, line 108

2016-07-13 10:42:54 Notice: Notice (8): Undefined index: display in [/home/manoj/public_html/pos/manager/Controller/OrdersController.php, line 119]
Trace:
OrdersController::admin_reorder() - APP/Controller/OrdersController.php, line 119
ReflectionMethod::invokeArgs() - [internal], line ??
Controller::invokeAction() - CORE/Cake/Controller/Controller.php, line 490
Dispatcher::_invoke() - CORE/Cake/Routing/Dispatcher.php, line 185
Dispatcher::dispatch() - CORE/Cake/Routing/Dispatcher.php, line 160
[main] - APP/webroot/index.php, line 108

2016-07-13 10:42:54 Notice: Notice (8): Undefined index: display in [/home/manoj/public_html/pos/manager/Controller/OrdersController.php, line 119]
Trace:
OrdersController::admin_reorder() - APP/Controller/OrdersController.php, line 119
ReflectionMethod::invokeArgs() - [internal], line ??
Controller::invokeAction() - CORE/Cake/Controller/Controller.php, line 490
Dispatcher::_invoke() - CORE/Cake/Routing/Dispatcher.php, line 185
Dispatcher::dispatch() - CORE/Cake/Routing/Dispatcher.php, line 160
[main] - APP/webroot/index.php, line 108

2016-07-13 10:42:54 Notice: Notice (8): Undefined index: display in [/home/manoj/public_html/pos/manager/Controller/OrdersController.php, line 119]
Trace:
OrdersController::admin_reorder() - APP/Controller/OrdersController.php, line 119
ReflectionMethod::invokeArgs() - [internal], line ??
Controller::invokeAction() - CORE/Cake/Controller/Controller.php, line 490
Dispatcher::_invoke() - CORE/Cake/Routing/Dispatcher.php, line 185
Dispatcher::dispatch() - CORE/Cake/Routing/Dispatcher.php, line 160
[main] - APP/webroot/index.php, line 108

2016-07-13 10:42:54 Notice: Notice (8): Undefined index: display in [/home/manoj/public_html/pos/manager/Controller/OrdersController.php, line 119]
Trace:
OrdersController::admin_reorder() - APP/Controller/OrdersController.php, line 119
ReflectionMethod::invokeArgs() - [internal], line ??
Controller::invokeAction() - CORE/Cake/Controller/Controller.php, line 490
Dispatcher::_invoke() - CORE/Cake/Routing/Dispatcher.php, line 185
Dispatcher::dispatch() - CORE/Cake/Routing/Dispatcher.php, line 160
[main] - APP/webroot/index.php, line 108

2016-07-13 10:42:54 Notice: Notice (8): Undefined index: display in [/home/manoj/public_html/pos/manager/Controller/OrdersController.php, line 119]
Trace:
OrdersController::admin_reorder() - APP/Controller/OrdersController.php, line 119
ReflectionMethod::invokeArgs() - [internal], line ??
Controller::invokeAction() - CORE/Cake/Controller/Controller.php, line 490
Dispatcher::_invoke() - CORE/Cake/Routing/Dispatcher.php, line 185
Dispatcher::dispatch() - CORE/Cake/Routing/Dispatcher.php, line 160
[main] - APP/webroot/index.php, line 108

2016-07-13 10:42:54 Notice: Notice (8): Undefined index: display in [/home/manoj/public_html/pos/manager/Controller/OrdersController.php, line 119]
Trace:
OrdersController::admin_reorder() - APP/Controller/OrdersController.php, line 119
ReflectionMethod::invokeArgs() - [internal], line ??
Controller::invokeAction() - CORE/Cake/Controller/Controller.php, line 490
Dispatcher::_invoke() - CORE/Cake/Routing/Dispatcher.php, line 185
Dispatcher::dispatch() - CORE/Cake/Routing/Dispatcher.php, line 160
[main] - APP/webroot/index.php, line 108

2016-07-13 10:42:54 Notice: Notice (8): Undefined index: display in [/home/manoj/public_html/pos/manager/Controller/OrdersController.php, line 119]
Trace:
OrdersController::admin_reorder() - APP/Controller/OrdersController.php, line 119
ReflectionMethod::invokeArgs() - [internal], line ??
Controller::invokeAction() - CORE/Cake/Controller/Controller.php, line 490
Dispatcher::_invoke() - CORE/Cake/Routing/Dispatcher.php, line 185
Dispatcher::dispatch() - CORE/Cake/Routing/Dispatcher.php, line 160
[main] - APP/webroot/index.php, line 108

2016-07-13 10:42:54 Notice: Notice (8): Undefined index: display in [/home/manoj/public_html/pos/manager/Controller/OrdersController.php, line 119]
Trace:
OrdersController::admin_reorder() - APP/Controller/OrdersController.php, line 119
ReflectionMethod::invokeArgs() - [internal], line ??
Controller::invokeAction() - CORE/Cake/Controller/Controller.php, line 490
Dispatcher::_invoke() - CORE/Cake/Routing/Dispatcher.php, line 185
Dispatcher::dispatch() - CORE/Cake/Routing/Dispatcher.php, line 160
[main] - APP/webroot/index.php, line 108

2016-07-13 10:42:54 Notice: Notice (8): Undefined index: display in [/home/manoj/public_html/pos/manager/Controller/OrdersController.php, line 119]
Trace:
OrdersController::admin_reorder() - APP/Controller/OrdersController.php, line 119
ReflectionMethod::invokeArgs() - [internal], line ??
Controller::invokeAction() - CORE/Cake/Controller/Controller.php, line 490
Dispatcher::_invoke() - CORE/Cake/Routing/Dispatcher.php, line 185
Dispatcher::dispatch() - CORE/Cake/Routing/Dispatcher.php, line 160
[main] - APP/webroot/index.php, line 108

2016-07-13 10:42:54 Notice: Notice (8): Undefined index: display in [/home/manoj/public_html/pos/manager/Controller/OrdersController.php, line 119]
Trace:
OrdersController::admin_reorder() - APP/Controller/OrdersController.php, line 119
ReflectionMethod::invokeArgs() - [internal], line ??
Controller::invokeAction() - CORE/Cake/Controller/Controller.php, line 490
Dispatcher::_invoke() - CORE/Cake/Routing/Dispatcher.php, line 185
Dispatcher::dispatch() - CORE/Cake/Routing/Dispatcher.php, line 160
[main] - APP/webroot/index.php, line 108

2016-07-13 10:42:54 Notice: Notice (8): Undefined index: display in [/home/manoj/public_html/pos/manager/Controller/OrdersController.php, line 119]
Trace:
OrdersController::admin_reorder() - APP/Controller/OrdersController.php, line 119
ReflectionMethod::invokeArgs() - [internal], line ??
Controller::invokeAction() - CORE/Cake/Controller/Controller.php, line 490
Dispatcher::_invoke() - CORE/Cake/Routing/Dispatcher.php, line 185
Dispatcher::dispatch() - CORE/Cake/Routing/Dispatcher.php, line 160
[main] - APP/webroot/index.php, line 108

2016-07-13 10:42:54 Notice: Notice (8): Undefined index: display in [/home/manoj/public_html/pos/manager/Controller/OrdersController.php, line 119]
Trace:
OrdersController::admin_reorder() - APP/Controller/OrdersController.php, line 119
ReflectionMethod::invokeArgs() - [internal], line ??
Controller::invokeAction() - CORE/Cake/Controller/Controller.php, line 490
Dispatcher::_invoke() - CORE/Cake/Routing/Dispatcher.php, line 185
Dispatcher::dispatch() - CORE/Cake/Routing/Dispatcher.php, line 160
[main] - APP/webroot/index.php, line 108

2016-07-13 10:42:54 Notice: Notice (8): Undefined index: display in [/home/manoj/public_html/pos/manager/Controller/OrdersController.php, line 119]
Trace:
OrdersController::admin_reorder() - APP/Controller/OrdersController.php, line 119
ReflectionMethod::invokeArgs() - [internal], line ??
Controller::invokeAction() - CORE/Cake/Controller/Controller.php, line 490
Dispatcher::_invoke() - CORE/Cake/Routing/Dispatcher.php, line 185
Dispatcher::dispatch() - CORE/Cake/Routing/Dispatcher.php, line 160
[main] - APP/webroot/index.php, line 108

2016-07-13 10:42:54 Notice: Notice (8): Undefined index: display in [/home/manoj/public_html/pos/manager/Controller/OrdersController.php, line 119]
Trace:
OrdersController::admin_reorder() - APP/Controller/OrdersController.php, line 119
ReflectionMethod::invokeArgs() - [internal], line ??
Controller::invokeAction() - CORE/Cake/Controller/Controller.php, line 490
Dispatcher::_invoke() - CORE/Cake/Routing/Dispatcher.php, line 185
Dispatcher::dispatch() - CORE/Cake/Routing/Dispatcher.php, line 160
[main] - APP/webroot/index.php, line 108

2016-07-13 10:42:54 Notice: Notice (8): Undefined index: display in [/home/manoj/public_html/pos/manager/Controller/OrdersController.php, line 119]
Trace:
OrdersController::admin_reorder() - APP/Controller/OrdersController.php, line 119
ReflectionMethod::invokeArgs() - [internal], line ??
Controller::invokeAction() - CORE/Cake/Controller/Controller.php, line 490
Dispatcher::_invoke() - CORE/Cake/Routing/Dispatcher.php, line 185
Dispatcher::dispatch() - CORE/Cake/Routing/Dispatcher.php, line 160
[main] - APP/webroot/index.php, line 108

2016-07-13 10:42:54 Notice: Notice (8): Undefined index: display in [/home/manoj/public_html/pos/manager/Controller/OrdersController.php, line 119]
Trace:
OrdersController::admin_reorder() - APP/Controller/OrdersController.php, line 119
ReflectionMethod::invokeArgs() - [internal], line ??
Controller::invokeAction() - CORE/Cake/Controller/Controller.php, line 490
Dispatcher::_invoke() - CORE/Cake/Routing/Dispatcher.php, line 185
Dispatcher::dispatch() - CORE/Cake/Routing/Dispatcher.php, line 160
[main] - APP/webroot/index.php, line 108

2016-07-13 10:42:54 Notice: Notice (8): Undefined index: display in [/home/manoj/public_html/pos/manager/Controller/OrdersController.php, line 119]
Trace:
OrdersController::admin_reorder() - APP/Controller/OrdersController.php, line 119
ReflectionMethod::invokeArgs() - [internal], line ??
Controller::invokeAction() - CORE/Cake/Controller/Controller.php, line 490
Dispatcher::_invoke() - CORE/Cake/Routing/Dispatcher.php, line 185
Dispatcher::dispatch() - CORE/Cake/Routing/Dispatcher.php, line 160
[main] - APP/webroot/index.php, line 108

2016-07-13 10:42:54 Notice: Notice (8): Undefined index: display in [/home/manoj/public_html/pos/manager/Controller/OrdersController.php, line 119]
Trace:
OrdersController::admin_reorder() - APP/Controller/OrdersController.php, line 119
ReflectionMethod::invokeArgs() - [internal], line ??
Controller::invokeAction() - CORE/Cake/Controller/Controller.php, line 490
Dispatcher::_invoke() - CORE/Cake/Routing/Dispatcher.php, line 185
Dispatcher::dispatch() - CORE/Cake/Routing/Dispatcher.php, line 160
[main] - APP/webroot/index.php, line 108

2016-07-13 10:43:11 Notice: Notice (8): Undefined index: display in [/home/manoj/public_html/pos/manager/Controller/OrdersController.php, line 119]
Trace:
OrdersController::admin_reorder() - APP/Controller/OrdersController.php, line 119
ReflectionMethod::invokeArgs() - [internal], line ??
Controller::invokeAction() - CORE/Cake/Controller/Controller.php, line 490
Dispatcher::_invoke() - CORE/Cake/Routing/Dispatcher.php, line 185
Dispatcher::dispatch() - CORE/Cake/Routing/Dispatcher.php, line 160
[main] - APP/webroot/index.php, line 108

2016-07-13 10:43:11 Notice: Notice (8): Undefined index: display in [/home/manoj/public_html/pos/manager/Controller/OrdersController.php, line 119]
Trace:
OrdersController::admin_reorder() - APP/Controller/OrdersController.php, line 119
ReflectionMethod::invokeArgs() - [internal], line ??
Controller::invokeAction() - CORE/Cake/Controller/Controller.php, line 490
Dispatcher::_invoke() - CORE/Cake/Routing/Dispatcher.php, line 185
Dispatcher::dispatch() - CORE/Cake/Routing/Dispatcher.php, line 160
[main] - APP/webroot/index.php, line 108

2016-07-13 10:43:11 Notice: Notice (8): Undefined index: display in [/home/manoj/public_html/pos/manager/Controller/OrdersController.php, line 119]
Trace:
OrdersController::admin_reorder() - APP/Controller/OrdersController.php, line 119
ReflectionMethod::invokeArgs() - [internal], line ??
Controller::invokeAction() - CORE/Cake/Controller/Controller.php, line 490
Dispatcher::_invoke() - CORE/Cake/Routing/Dispatcher.php, line 185
Dispatcher::dispatch() - CORE/Cake/Routing/Dispatcher.php, line 160
[main] - APP/webroot/index.php, line 108

2016-07-13 10:43:11 Notice: Notice (8): Undefined index: display in [/home/manoj/public_html/pos/manager/Controller/OrdersController.php, line 119]
Trace:
OrdersController::admin_reorder() - APP/Controller/OrdersController.php, line 119
ReflectionMethod::invokeArgs() - [internal], line ??
Controller::invokeAction() - CORE/Cake/Controller/Controller.php, line 490
Dispatcher::_invoke() - CORE/Cake/Routing/Dispatcher.php, line 185
Dispatcher::dispatch() - CORE/Cake/Routing/Dispatcher.php, line 160
[main] - APP/webroot/index.php, line 108

2016-07-13 10:43:11 Notice: Notice (8): Undefined index: display in [/home/manoj/public_html/pos/manager/Controller/OrdersController.php, line 119]
Trace:
OrdersController::admin_reorder() - APP/Controller/OrdersController.php, line 119
ReflectionMethod::invokeArgs() - [internal], line ??
Controller::invokeAction() - CORE/Cake/Controller/Controller.php, line 490
Dispatcher::_invoke() - CORE/Cake/Routing/Dispatcher.php, line 185
Dispatcher::dispatch() - CORE/Cake/Routing/Dispatcher.php, line 160
[main] - APP/webroot/index.php, line 108

2016-07-13 10:43:11 Notice: Notice (8): Undefined index: display in [/home/manoj/public_html/pos/manager/Controller/OrdersController.php, line 119]
Trace:
OrdersController::admin_reorder() - APP/Controller/OrdersController.php, line 119
ReflectionMethod::invokeArgs() - [internal], line ??
Controller::invokeAction() - CORE/Cake/Controller/Controller.php, line 490
Dispatcher::_invoke() - CORE/Cake/Routing/Dispatcher.php, line 185
Dispatcher::dispatch() - CORE/Cake/Routing/Dispatcher.php, line 160
[main] - APP/webroot/index.php, line 108

2016-07-13 10:43:11 Notice: Notice (8): Undefined index: display in [/home/manoj/public_html/pos/manager/Controller/OrdersController.php, line 119]
Trace:
OrdersController::admin_reorder() - APP/Controller/OrdersController.php, line 119
ReflectionMethod::invokeArgs() - [internal], line ??
Controller::invokeAction() - CORE/Cake/Controller/Controller.php, line 490
Dispatcher::_invoke() - CORE/Cake/Routing/Dispatcher.php, line 185
Dispatcher::dispatch() - CORE/Cake/Routing/Dispatcher.php, line 160
[main] - APP/webroot/index.php, line 108

2016-07-13 10:43:11 Notice: Notice (8): Undefined index: display in [/home/manoj/public_html/pos/manager/Controller/OrdersController.php, line 119]
Trace:
OrdersController::admin_reorder() - APP/Controller/OrdersController.php, line 119
ReflectionMethod::invokeArgs() - [internal], line ??
Controller::invokeAction() - CORE/Cake/Controller/Controller.php, line 490
Dispatcher::_invoke() - CORE/Cake/Routing/Dispatcher.php, line 185
Dispatcher::dispatch() - CORE/Cake/Routing/Dispatcher.php, line 160
[main] - APP/webroot/index.php, line 108

2016-07-13 10:43:11 Notice: Notice (8): Undefined index: display in [/home/manoj/public_html/pos/manager/Controller/OrdersController.php, line 119]
Trace:
OrdersController::admin_reorder() - APP/Controller/OrdersController.php, line 119
ReflectionMethod::invokeArgs() - [internal], line ??
Controller::invokeAction() - CORE/Cake/Controller/Controller.php, line 490
Dispatcher::_invoke() - CORE/Cake/Routing/Dispatcher.php, line 185
Dispatcher::dispatch() - CORE/Cake/Routing/Dispatcher.php, line 160
[main] - APP/webroot/index.php, line 108

2016-07-13 10:43:11 Notice: Notice (8): Undefined index: display in [/home/manoj/public_html/pos/manager/Controller/OrdersController.php, line 119]
Trace:
OrdersController::admin_reorder() - APP/Controller/OrdersController.php, line 119
ReflectionMethod::invokeArgs() - [internal], line ??
Controller::invokeAction() - CORE/Cake/Controller/Controller.php, line 490
Dispatcher::_invoke() - CORE/Cake/Routing/Dispatcher.php, line 185
Dispatcher::dispatch() - CORE/Cake/Routing/Dispatcher.php, line 160
[main] - APP/webroot/index.php, line 108

2016-07-13 10:43:11 Notice: Notice (8): Undefined index: display in [/home/manoj/public_html/pos/manager/Controller/OrdersController.php, line 119]
Trace:
OrdersController::admin_reorder() - APP/Controller/OrdersController.php, line 119
ReflectionMethod::invokeArgs() - [internal], line ??
Controller::invokeAction() - CORE/Cake/Controller/Controller.php, line 490
Dispatcher::_invoke() - CORE/Cake/Routing/Dispatcher.php, line 185
Dispatcher::dispatch() - CORE/Cake/Routing/Dispatcher.php, line 160
[main] - APP/webroot/index.php, line 108

2016-07-13 10:43:11 Notice: Notice (8): Undefined index: display in [/home/manoj/public_html/pos/manager/Controller/OrdersController.php, line 119]
Trace:
OrdersController::admin_reorder() - APP/Controller/OrdersController.php, line 119
ReflectionMethod::invokeArgs() - [internal], line ??
Controller::invokeAction() - CORE/Cake/Controller/Controller.php, line 490
Dispatcher::_invoke() - CORE/Cake/Routing/Dispatcher.php, line 185
Dispatcher::dispatch() - CORE/Cake/Routing/Dispatcher.php, line 160
[main] - APP/webroot/index.php, line 108

2016-07-13 10:43:11 Notice: Notice (8): Undefined index: display in [/home/manoj/public_html/pos/manager/Controller/OrdersController.php, line 119]
Trace:
OrdersController::admin_reorder() - APP/Controller/OrdersController.php, line 119
ReflectionMethod::invokeArgs() - [internal], line ??
Controller::invokeAction() - CORE/Cake/Controller/Controller.php, line 490
Dispatcher::_invoke() - CORE/Cake/Routing/Dispatcher.php, line 185
Dispatcher::dispatch() - CORE/Cake/Routing/Dispatcher.php, line 160
[main] - APP/webroot/index.php, line 108

2016-07-13 10:43:11 Notice: Notice (8): Undefined index: display in [/home/manoj/public_html/pos/manager/Controller/OrdersController.php, line 119]
Trace:
OrdersController::admin_reorder() - APP/Controller/OrdersController.php, line 119
ReflectionMethod::invokeArgs() - [internal], line ??
Controller::invokeAction() - CORE/Cake/Controller/Controller.php, line 490
Dispatcher::_invoke() - CORE/Cake/Routing/Dispatcher.php, line 185
Dispatcher::dispatch() - CORE/Cake/Routing/Dispatcher.php, line 160
[main] - APP/webroot/index.php, line 108

2016-07-13 10:43:11 Notice: Notice (8): Undefined index: display in [/home/manoj/public_html/pos/manager/Controller/OrdersController.php, line 119]
Trace:
OrdersController::admin_reorder() - APP/Controller/OrdersController.php, line 119
ReflectionMethod::invokeArgs() - [internal], line ??
Controller::invokeAction() - CORE/Cake/Controller/Controller.php, line 490
Dispatcher::_invoke() - CORE/Cake/Routing/Dispatcher.php, line 185
Dispatcher::dispatch() - CORE/Cake/Routing/Dispatcher.php, line 160
[main] - APP/webroot/index.php, line 108

2016-07-13 10:43:11 Notice: Notice (8): Undefined index: display in [/home/manoj/public_html/pos/manager/Controller/OrdersController.php, line 119]
Trace:
OrdersController::admin_reorder() - APP/Controller/OrdersController.php, line 119
ReflectionMethod::invokeArgs() - [internal], line ??
Controller::invokeAction() - CORE/Cake/Controller/Controller.php, line 490
Dispatcher::_invoke() - CORE/Cake/Routing/Dispatcher.php, line 185
Dispatcher::dispatch() - CORE/Cake/Routing/Dispatcher.php, line 160
[main] - APP/webroot/index.php, line 108

2016-07-13 10:43:11 Notice: Notice (8): Undefined index: display in [/home/manoj/public_html/pos/manager/Controller/OrdersController.php, line 119]
Trace:
OrdersController::admin_reorder() - APP/Controller/OrdersController.php, line 119
ReflectionMethod::invokeArgs() - [internal], line ??
Controller::invokeAction() - CORE/Cake/Controller/Controller.php, line 490
Dispatcher::_invoke() - CORE/Cake/Routing/Dispatcher.php, line 185
Dispatcher::dispatch() - CORE/Cake/Routing/Dispatcher.php, line 160
[main] - APP/webroot/index.php, line 108

2016-07-13 10:43:11 Notice: Notice (8): Undefined index: display in [/home/manoj/public_html/pos/manager/Controller/OrdersController.php, line 119]
Trace:
OrdersController::admin_reorder() - APP/Controller/OrdersController.php, line 119
ReflectionMethod::invokeArgs() - [internal], line ??
Controller::invokeAction() - CORE/Cake/Controller/Controller.php, line 490
Dispatcher::_invoke() - CORE/Cake/Routing/Dispatcher.php, line 185
Dispatcher::dispatch() - CORE/Cake/Routing/Dispatcher.php, line 160
[main] - APP/webroot/index.php, line 108

2016-07-13 10:43:11 Notice: Notice (8): Undefined index: display in [/home/manoj/public_html/pos/manager/Controller/OrdersController.php, line 119]
Trace:
OrdersController::admin_reorder() - APP/Controller/OrdersController.php, line 119
ReflectionMethod::invokeArgs() - [internal], line ??
Controller::invokeAction() - CORE/Cake/Controller/Controller.php, line 490
Dispatcher::_invoke() - CORE/Cake/Routing/Dispatcher.php, line 185
Dispatcher::dispatch() - CORE/Cake/Routing/Dispatcher.php, line 160
[main] - APP/webroot/index.php, line 108

2016-07-13 10:43:11 Notice: Notice (8): Undefined index: display in [/home/manoj/public_html/pos/manager/Controller/OrdersController.php, line 119]
Trace:
OrdersController::admin_reorder() - APP/Controller/OrdersController.php, line 119
ReflectionMethod::invokeArgs() - [internal], line ??
Controller::invokeAction() - CORE/Cake/Controller/Controller.php, line 490
Dispatcher::_invoke() - CORE/Cake/Routing/Dispatcher.php, line 185
Dispatcher::dispatch() - CORE/Cake/Routing/Dispatcher.php, line 160
[main] - APP/webroot/index.php, line 108

2016-07-13 10:43:11 Notice: Notice (8): Undefined index: display in [/home/manoj/public_html/pos/manager/Controller/OrdersController.php, line 119]
Trace:
OrdersController::admin_reorder() - APP/Controller/OrdersController.php, line 119
ReflectionMethod::invokeArgs() - [internal], line ??
Controller::invokeAction() - CORE/Cake/Controller/Controller.php, line 490
Dispatcher::_invoke() - CORE/Cake/Routing/Dispatcher.php, line 185
Dispatcher::dispatch() - CORE/Cake/Routing/Dispatcher.php, line 160
[main] - APP/webroot/index.php, line 108

2016-07-13 11:36:11 Notice: Notice (8): Array to string conversion in [/home/manoj/public_html/pos/lib/Cake/Model/Datasource/DboSource.php, line 1001]
Trace:
implode - [internal], line ??
DboSource::create() - CORE/Cake/Model/Datasource/DboSource.php, line 1001
Model::save() - CORE/Cake/Model/Model.php, line 1832
CashiersController::admin_add_edit() - APP/Controller/CashiersController.php, line 146
ReflectionMethod::invokeArgs() - [internal], line ??
Controller::invokeAction() - CORE/Cake/Controller/Controller.php, line 490
Dispatcher::_invoke() - CORE/Cake/Routing/Dispatcher.php, line 185
Dispatcher::dispatch() - CORE/Cake/Routing/Dispatcher.php, line 160
[main] - APP/webroot/index.php, line 108

2016-07-13 12:15:09 Notice: Notice (8): Undefined index: display in [/home/manoj/public_html/pos/manager/Controller/OrdersController.php, line 119]
Trace:
OrdersController::admin_reorder() - APP/Controller/OrdersController.php, line 119
ReflectionMethod::invokeArgs() - [internal], line ??
Controller::invokeAction() - CORE/Cake/Controller/Controller.php, line 490
Dispatcher::_invoke() - CORE/Cake/Routing/Dispatcher.php, line 185
Dispatcher::dispatch() - CORE/Cake/Routing/Dispatcher.php, line 160
[main] - APP/webroot/index.php, line 108

2016-07-13 12:15:09 Notice: Notice (8): Undefined index: display in [/home/manoj/public_html/pos/manager/Controller/OrdersController.php, line 119]
Trace:
OrdersController::admin_reorder() - APP/Controller/OrdersController.php, line 119
ReflectionMethod::invokeArgs() - [internal], line ??
Controller::invokeAction() - CORE/Cake/Controller/Controller.php, line 490
Dispatcher::_invoke() - CORE/Cake/Routing/Dispatcher.php, line 185
Dispatcher::dispatch() - CORE/Cake/Routing/Dispatcher.php, line 160
[main] - APP/webroot/index.php, line 108

2016-07-13 12:15:09 Notice: Notice (8): Undefined index: display in [/home/manoj/public_html/pos/manager/Controller/OrdersController.php, line 119]
Trace:
OrdersController::admin_reorder() - APP/Controller/OrdersController.php, line 119
ReflectionMethod::invokeArgs() - [internal], line ??
Controller::invokeAction() - CORE/Cake/Controller/Controller.php, line 490
Dispatcher::_invoke() - CORE/Cake/Routing/Dispatcher.php, line 185
Dispatcher::dispatch() - CORE/Cake/Routing/Dispatcher.php, line 160
[main] - APP/webroot/index.php, line 108

2016-07-13 12:15:09 Notice: Notice (8): Undefined index: display in [/home/manoj/public_html/pos/manager/Controller/OrdersController.php, line 119]
Trace:
OrdersController::admin_reorder() - APP/Controller/OrdersController.php, line 119
ReflectionMethod::invokeArgs() - [internal], line ??
Controller::invokeAction() - CORE/Cake/Controller/Controller.php, line 490
Dispatcher::_invoke() - CORE/Cake/Routing/Dispatcher.php, line 185
Dispatcher::dispatch() - CORE/Cake/Routing/Dispatcher.php, line 160
[main] - APP/webroot/index.php, line 108

2016-07-13 12:15:09 Notice: Notice (8): Undefined index: display in [/home/manoj/public_html/pos/manager/Controller/OrdersController.php, line 119]
Trace:
OrdersController::admin_reorder() - APP/Controller/OrdersController.php, line 119
ReflectionMethod::invokeArgs() - [internal], line ??
Controller::invokeAction() - CORE/Cake/Controller/Controller.php, line 490
Dispatcher::_invoke() - CORE/Cake/Routing/Dispatcher.php, line 185
Dispatcher::dispatch() - CORE/Cake/Routing/Dispatcher.php, line 160
[main] - APP/webroot/index.php, line 108

2016-07-13 12:15:09 Notice: Notice (8): Undefined index: display in [/home/manoj/public_html/pos/manager/Controller/OrdersController.php, line 119]
Trace:
OrdersController::admin_reorder() - APP/Controller/OrdersController.php, line 119
ReflectionMethod::invokeArgs() - [internal], line ??
Controller::invokeAction() - CORE/Cake/Controller/Controller.php, line 490
Dispatcher::_invoke() - CORE/Cake/Routing/Dispatcher.php, line 185
Dispatcher::dispatch() - CORE/Cake/Routing/Dispatcher.php, line 160
[main] - APP/webroot/index.php, line 108

2016-07-13 12:15:09 Notice: Notice (8): Undefined index: display in [/home/manoj/public_html/pos/manager/Controller/OrdersController.php, line 119]
Trace:
OrdersController::admin_reorder() - APP/Controller/OrdersController.php, line 119
ReflectionMethod::invokeArgs() - [internal], line ??
Controller::invokeAction() - CORE/Cake/Controller/Controller.php, line 490
Dispatcher::_invoke() - CORE/Cake/Routing/Dispatcher.php, line 185
Dispatcher::dispatch() - CORE/Cake/Routing/Dispatcher.php, line 160
[main] - APP/webroot/index.php, line 108

2016-07-13 12:15:09 Notice: Notice (8): Undefined index: display in [/home/manoj/public_html/pos/manager/Controller/OrdersController.php, line 119]
Trace:
OrdersController::admin_reorder() - APP/Controller/OrdersController.php, line 119
ReflectionMethod::invokeArgs() - [internal], line ??
Controller::invokeAction() - CORE/Cake/Controller/Controller.php, line 490
Dispatcher::_invoke() - CORE/Cake/Routing/Dispatcher.php, line 185
Dispatcher::dispatch() - CORE/Cake/Routing/Dispatcher.php, line 160
[main] - APP/webroot/index.php, line 108

2016-07-13 12:15:09 Notice: Notice (8): Undefined index: display in [/home/manoj/public_html/pos/manager/Controller/OrdersController.php, line 119]
Trace:
OrdersController::admin_reorder() - APP/Controller/OrdersController.php, line 119
ReflectionMethod::invokeArgs() - [internal], line ??
Controller::invokeAction() - CORE/Cake/Controller/Controller.php, line 490
Dispatcher::_invoke() - CORE/Cake/Routing/Dispatcher.php, line 185
Dispatcher::dispatch() - CORE/Cake/Routing/Dispatcher.php, line 160
[main] - APP/webroot/index.php, line 108

2016-07-13 12:15:09 Notice: Notice (8): Undefined index: display in [/home/manoj/public_html/pos/manager/Controller/OrdersController.php, line 119]
Trace:
OrdersController::admin_reorder() - APP/Controller/OrdersController.php, line 119
ReflectionMethod::invokeArgs() - [internal], line ??
Controller::invokeAction() - CORE/Cake/Controller/Controller.php, line 490
Dispatcher::_invoke() - CORE/Cake/Routing/Dispatcher.php, line 185
Dispatcher::dispatch() - CORE/Cake/Routing/Dispatcher.php, line 160
[main] - APP/webroot/index.php, line 108

2016-07-13 12:15:09 Notice: Notice (8): Undefined index: display in [/home/manoj/public_html/pos/manager/Controller/OrdersController.php, line 119]
Trace:
OrdersController::admin_reorder() - APP/Controller/OrdersController.php, line 119
ReflectionMethod::invokeArgs() - [internal], line ??
Controller::invokeAction() - CORE/Cake/Controller/Controller.php, line 490
Dispatcher::_invoke() - CORE/Cake/Routing/Dispatcher.php, line 185
Dispatcher::dispatch() - CORE/Cake/Routing/Dispatcher.php, line 160
[main] - APP/webroot/index.php, line 108

2016-07-13 12:15:09 Notice: Notice (8): Undefined index: display in [/home/manoj/public_html/pos/manager/Controller/OrdersController.php, line 119]
Trace:
OrdersController::admin_reorder() - APP/Controller/OrdersController.php, line 119
ReflectionMethod::invokeArgs() - [internal], line ??
Controller::invokeAction() - CORE/Cake/Controller/Controller.php, line 490
Dispatcher::_invoke() - CORE/Cake/Routing/Dispatcher.php, line 185
Dispatcher::dispatch() - CORE/Cake/Routing/Dispatcher.php, line 160
[main] - APP/webroot/index.php, line 108

2016-07-13 12:15:09 Notice: Notice (8): Undefined index: display in [/home/manoj/public_html/pos/manager/Controller/OrdersController.php, line 119]
Trace:
OrdersController::admin_reorder() - APP/Controller/OrdersController.php, line 119
ReflectionMethod::invokeArgs() - [internal], line ??
Controller::invokeAction() - CORE/Cake/Controller/Controller.php, line 490
Dispatcher::_invoke() - CORE/Cake/Routing/Dispatcher.php, line 185
Dispatcher::dispatch() - CORE/Cake/Routing/Dispatcher.php, line 160
[main] - APP/webroot/index.php, line 108

2016-07-13 12:15:09 Notice: Notice (8): Undefined index: display in [/home/manoj/public_html/pos/manager/Controller/OrdersController.php, line 119]
Trace:
OrdersController::admin_reorder() - APP/Controller/OrdersController.php, line 119
ReflectionMethod::invokeArgs() - [internal], line ??
Controller::invokeAction() - CORE/Cake/Controller/Controller.php, line 490
Dispatcher::_invoke() - CORE/Cake/Routing/Dispatcher.php, line 185
Dispatcher::dispatch() - CORE/Cake/Routing/Dispatcher.php, line 160
[main] - APP/webroot/index.php, line 108

2016-07-13 12:15:09 Notice: Notice (8): Undefined index: display in [/home/manoj/public_html/pos/manager/Controller/OrdersController.php, line 119]
Trace:
OrdersController::admin_reorder() - APP/Controller/OrdersController.php, line 119
ReflectionMethod::invokeArgs() - [internal], line ??
Controller::invokeAction() - CORE/Cake/Controller/Controller.php, line 490
Dispatcher::_invoke() - CORE/Cake/Routing/Dispatcher.php, line 185
Dispatcher::dispatch() - CORE/Cake/Routing/Dispatcher.php, line 160
[main] - APP/webroot/index.php, line 108

2016-07-13 12:15:09 Notice: Notice (8): Undefined index: display in [/home/manoj/public_html/pos/manager/Controller/OrdersController.php, line 119]
Trace:
OrdersController::admin_reorder() - APP/Controller/OrdersController.php, line 119
ReflectionMethod::invokeArgs() - [internal], line ??
Controller::invokeAction() - CORE/Cake/Controller/Controller.php, line 490
Dispatcher::_invoke() - CORE/Cake/Routing/Dispatcher.php, line 185
Dispatcher::dispatch() - CORE/Cake/Routing/Dispatcher.php, line 160
[main] - APP/webroot/index.php, line 108

2016-07-13 12:15:09 Notice: Notice (8): Undefined index: display in [/home/manoj/public_html/pos/manager/Controller/OrdersController.php, line 119]
Trace:
OrdersController::admin_reorder() - APP/Controller/OrdersController.php, line 119
ReflectionMethod::invokeArgs() - [internal], line ??
Controller::invokeAction() - CORE/Cake/Controller/Controller.php, line 490
Dispatcher::_invoke() - CORE/Cake/Routing/Dispatcher.php, line 185
Dispatcher::dispatch() - CORE/Cake/Routing/Dispatcher.php, line 160
[main] - APP/webroot/index.php, line 108

2016-07-13 12:15:09 Notice: Notice (8): Undefined index: display in [/home/manoj/public_html/pos/manager/Controller/OrdersController.php, line 119]
Trace:
OrdersController::admin_reorder() - APP/Controller/OrdersController.php, line 119
ReflectionMethod::invokeArgs() - [internal], line ??
Controller::invokeAction() - CORE/Cake/Controller/Controller.php, line 490
Dispatcher::_invoke() - CORE/Cake/Routing/Dispatcher.php, line 185
Dispatcher::dispatch() - CORE/Cake/Routing/Dispatcher.php, line 160
[main] - APP/webroot/index.php, line 108

2016-07-13 12:15:09 Notice: Notice (8): Undefined index: display in [/home/manoj/public_html/pos/manager/Controller/OrdersController.php, line 119]
Trace:
OrdersController::admin_reorder() - APP/Controller/OrdersController.php, line 119
ReflectionMethod::invokeArgs() - [internal], line ??
Controller::invokeAction() - CORE/Cake/Controller/Controller.php, line 490
Dispatcher::_invoke() - CORE/Cake/Routing/Dispatcher.php, line 185
Dispatcher::dispatch() - CORE/Cake/Routing/Dispatcher.php, line 160
[main] - APP/webroot/index.php, line 108

2016-07-13 12:15:09 Notice: Notice (8): Undefined index: display in [/home/manoj/public_html/pos/manager/Controller/OrdersController.php, line 119]
Trace:
OrdersController::admin_reorder() - APP/Controller/OrdersController.php, line 119
ReflectionMethod::invokeArgs() - [internal], line ??
Controller::invokeAction() - CORE/Cake/Controller/Controller.php, line 490
Dispatcher::_invoke() - CORE/Cake/Routing/Dispatcher.php, line 185
Dispatcher::dispatch() - CORE/Cake/Routing/Dispatcher.php, line 160
[main] - APP/webroot/index.php, line 108

2016-07-13 14:58:21 Notice: Notice (8): Array to string conversion in [/home/manoj/public_html/pos/lib/Cake/Model/Datasource/DboSource.php, line 1001]
Trace:
implode - [internal], line ??
DboSource::create() - CORE/Cake/Model/Datasource/DboSource.php, line 1001
Model::save() - CORE/Cake/Model/Model.php, line 1832
CousinesController::admin_add_edit() - APP/Controller/CousinesController.php, line 178
ReflectionMethod::invokeArgs() - [internal], line ??
Controller::invokeAction() - CORE/Cake/Controller/Controller.php, line 490
Dispatcher::_invoke() - CORE/Cake/Routing/Dispatcher.php, line 185
Dispatcher::dispatch() - CORE/Cake/Routing/Dispatcher.php, line 160
[main] - APP/webroot/index.php, line 108

2016-07-13 15:03:16 Notice: Notice (8): Array to string conversion in [/home/manoj/public_html/pos/lib/Cake/Model/Datasource/DboSource.php, line 1877]
Trace:
DboSource::_prepareUpdateFields() - CORE/Cake/Model/Datasource/DboSource.php, line 1877
Mysql::update() - CORE/Cake/Model/Datasource/Database/Mysql.php, line 384
Model::save() - CORE/Cake/Model/Model.php, line 1821
CousinesController::admin_add_edit() - APP/Controller/CousinesController.php, line 178
ReflectionMethod::invokeArgs() - [internal], line ??
Controller::invokeAction() - CORE/Cake/Controller/Controller.php, line 490
Dispatcher::_invoke() - CORE/Cake/Routing/Dispatcher.php, line 185
Dispatcher::dispatch() - CORE/Cake/Routing/Dispatcher.php, line 160
[main] - APP/webroot/index.php, line 108

2016-07-13 15:04:22 Notice: Notice (8): Array to string conversion in [/home/manoj/public_html/pos/lib/Cake/Model/Datasource/DboSource.php, line 1877]
Trace:
DboSource::_prepareUpdateFields() - CORE/Cake/Model/Datasource/DboSource.php, line 1877
Mysql::update() - CORE/Cake/Model/Datasource/Database/Mysql.php, line 384
Model::save() - CORE/Cake/Model/Model.php, line 1821
CousinesController::admin_add_edit() - APP/Controller/CousinesController.php, line 178
ReflectionMethod::invokeArgs() - [internal], line ??
Controller::invokeAction() - CORE/Cake/Controller/Controller.php, line 490
Dispatcher::_invoke() - CORE/Cake/Routing/Dispatcher.php, line 185
Dispatcher::dispatch() - CORE/Cake/Routing/Dispatcher.php, line 160
[main] - APP/webroot/index.php, line 108

